{
  "stats": {
    "suites": 1,
    "tests": 1,
    "passes": 0,
    "pending": 0,
    "failures": 1,
    "start": "2020-06-19T15:05:07.091Z",
    "end": "2020-06-19T15:05:18.595Z",
    "duration": 11504,
    "testsRegistered": 1,
    "passPercent": 0,
    "pendingPercent": 0,
    "other": 0,
    "hasOther": false,
    "skipped": 0,
    "hasSkipped": false
  },
  "results": [
    {
      "uuid": "9d7892ce-e97a-4992-a05e-541d85c72d06",
      "title": "",
      "fullFile": "cypress\\integration\\practiceForm\\accessibility_spec.js",
      "file": "cypress\\integration\\practiceForm\\accessibility_spec.js",
      "beforeHooks": [],
      "afterHooks": [],
      "tests": [],
      "suites": [
        {
          "uuid": "1fe9013c-8a42-412d-b9d6-2b40dc139500",
          "title": "Practice Form - Accessibility Tests",
          "fullFile": "",
          "file": "",
          "beforeHooks": [],
          "afterHooks": [],
          "tests": [
            {
              "title": "Verifys no WCAG violations on page load",
              "fullTitle": "Practice Form - Accessibility Tests Verifys no WCAG violations on page load",
              "timedOut": null,
              "duration": 10728,
              "state": "failed",
              "speed": null,
              "pass": false,
              "fail": true,
              "pending": false,
              "context": "\"../cypress/snapshots/actual/practiceForm\\\\accessibility_spec.js/Practice Form - Accessibility Tests -- Verifys no WCAG violations on page load (failed).png\"",
              "code": "cy.visit(\"/\");\ncy.navigateToForm();\ncy.injectAxe();\ncy.get('#userName-label').should('be.visible');\ncy.checkA11y(null, {\n  runOnly: {\n    type: 'tag',\n    values: ['wcag2a', 'wcag2aa']\n  }\n});",
              "err": {
                "message": "AssertionError: 5 accessibility violations were detected: expected 5 to equal 0",
                "estack": "AssertionError: 5 accessibility violations were detected: expected 5 to equal 0\n    at Context.eval (http://www.demoqa.com/__cypress/tests?p=cypress\\support\\index.js:72:443712)",
                "diff": null
              },
              "uuid": "8f990d7f-a5fd-4483-af0f-7fc3730b876d",
              "parentUUID": "1fe9013c-8a42-412d-b9d6-2b40dc139500",
              "isHook": false,
              "skipped": false
            }
          ],
          "suites": [],
          "passes": [],
          "failures": [
            "8f990d7f-a5fd-4483-af0f-7fc3730b876d"
          ],
          "pending": [],
          "skipped": [],
          "duration": 10728,
          "root": false,
          "rootEmpty": false,
          "_timeout": 2000
        }
      ],
      "passes": [],
      "failures": [],
      "pending": [],
      "skipped": [],
      "duration": 0,
      "root": true,
      "rootEmpty": true,
      "_timeout": 2000
    }
  ],
  "meta": {
    "mocha": {
      "version": "7.0.1"
    },
    "mochawesome": {
      "options": {
        "quiet": false,
        "reportFilename": "mochawesome",
        "saveHtml": false,
        "saveJson": true,
        "consoleReporter": "spec",
        "useInlineDiffs": false,
        "code": true
      },
      "version": "6.1.1"
    },
    "marge": {
      "options": {
        "id": "default",
        "reportDir": "cypress/reports/mocha",
        "quite": true,
        "overwrite": false,
        "html": false,
        "json": true,
        "timestamp": "mmddyyyy_HHMMss"
      },
      "version": "5.1.0"
    }
  }
}